<?xml version="1.0" encoding="UTF-8"?>
<!-- Generated by org.testng.reporters.JUnitReportReporter -->
<testsuite skipped="0" hostname="C02W45T6HTD8" name="parallel.MyRunner" tests="4" failures="0" timestamp="28 Apr 2021 16:48:38 GMT" time="31.763" errors="0">
  <testcase name="runScenario" time="8.327" classname="parallel.MyRunner"/>
  <testcase name="runScenario" time="7.160" classname="parallel.MyRunner"/>
  <testcase name="runScenario" time="8.014" classname="parallel.MyRunner"/>
  <testcase name="runScenario" time="8.262" classname="parallel.MyRunner"/>
</testsuite> <!-- parallel.MyRunner -->
