<?xml version="1.0" encoding="UTF-8"?>
<!-- Generated by org.testng.reporters.JUnitReportReporter -->
<testsuite skipped="0" hostname="C02W45T6HTD8" name="parallel.MyRunner" tests="5" failures="0" timestamp="28 Apr 2021 22:54:36 GMT" time="64.759" errors="0">
  <testcase name="runScenario" time="13.529" classname="parallel.MyRunner"/>
  <testcase name="runScenario" time="13.220" classname="parallel.MyRunner"/>
  <testcase name="runScenario" time="11.059" classname="parallel.MyRunner"/>
  <testcase name="runScenario" time="13.565" classname="parallel.MyRunner"/>
  <testcase name="runScenario" time="13.386" classname="parallel.MyRunner"/>
</testsuite> <!-- parallel.MyRunner -->
